#! /usr/local/iverilog/bin/vvp
:ivl_version "11.0 (devel)" "(s20150603-642-g3bdb50da)";
:ivl_delay_selection "TYPICAL";
:vpi_time_precision - 12;
:vpi_module "system";
:vpi_module "vhdl_sys";
:vpi_module "vhdl_textio";
:vpi_module "v2005_math";
:vpi_module "va_math";
S_00000000011c8f80 .scope module, "test" "test" 2 3;
 .timescale -9 -12;
v00000000015807b0_0 .net "flags", 2 0, v00000000011db3f0_0;  1 drivers
v0000000001580e90_0 .var "instruction", 31 0;
v0000000001580210_0 .var "regA", 31 0;
v0000000001580b70_0 .var "regB", 31 0;
v00000000015802b0_0 .net "result", 31 0, L_00000000011be120;  1 drivers
S_00000000011d5fa0 .scope module, "u_add" "alu" 2 212, 3 1 0, S_00000000011c8f80;
 .timescale -9 -12;
    .port_info 0 /INPUT 32 "instruction";
    .port_info 1 /INPUT 32 "regA";
    .port_info 2 /INPUT 32 "regB";
    .port_info 3 /OUTPUT 32 "result";
    .port_info 4 /OUTPUT 3 "flags";
L_00000000011be120 .functor BUFZ 32, v00000000011e0a90_0, C4<00000000000000000000000000000000>, C4<00000000000000000000000000000000>, C4<00000000000000000000000000000000>;
v00000000011db3f0_0 .var "flags", 2 0;
v00000000011d6130_0 .var "func", 5 0;
v00000000011cd2c0_0 .var "imm", 15 0;
v00000000011dfcb0_0 .net "instruction", 31 0, v0000000001580e90_0;  1 drivers
v00000000011c9ea0_0 .var "opcode", 5 0;
v00000000011e0a90_0 .var "rd", 31 0;
v0000000001183d60_0 .net "regA", 31 0, v0000000001580210_0;  1 drivers
v0000000001183e00_0 .net "regB", 31 0, v0000000001580b70_0;  1 drivers
v0000000001183ea0_0 .net "result", 31 0, L_00000000011be120;  alias, 1 drivers
v0000000001183f40_0 .var "rs", 31 0;
v0000000001152be0_0 .var "rt", 31 0;
v0000000001152c80_0 .var "shamt", 5 0;
v0000000001152d20_0 .var "temp", 31 0;
v0000000001152dc0_0 .var "tempA", 31 0;
v0000000001152e60_0 .var "tempB", 31 0;
E_00000000011e1dd0/0 .event edge, v0000000001183d60_0, v0000000001183e00_0, v00000000011dfcb0_0, v0000000001152dc0_0;
E_00000000011e1dd0/1 .event edge, v0000000001152e60_0, v0000000001152d20_0, v00000000011c9ea0_0, v00000000011d6130_0;
E_00000000011e1dd0/2 .event edge, v0000000001183f40_0, v0000000001152be0_0, v00000000011e0a90_0, v0000000001152c80_0;
E_00000000011e1dd0/3 .event edge, v00000000011cd2c0_0;
E_00000000011e1dd0 .event/or E_00000000011e1dd0/0, E_00000000011e1dd0/1, E_00000000011e1dd0/2, E_00000000011e1dd0/3;
    .scope S_00000000011d5fa0;
T_0 ;
    %wait E_00000000011e1dd0;
    %load/vec4 v0000000001183d60_0;
    %store/vec4 v0000000001152dc0_0, 0, 32;
    %load/vec4 v0000000001183e00_0;
    %store/vec4 v0000000001152e60_0, 0, 32;
    %load/vec4 v00000000011dfcb0_0;
    %parti/s 6, 26, 6;
    %store/vec4 v00000000011c9ea0_0, 0, 6;
    %load/vec4 v00000000011dfcb0_0;
    %parti/s 6, 0, 2;
    %store/vec4 v00000000011d6130_0, 0, 6;
    %pushi/vec4 0, 0, 3;
    %store/vec4 v00000000011db3f0_0, 0, 3;
    %load/vec4 v00000000011dfcb0_0;
    %parti/s 5, 16, 6;
    %cmpi/e 0, 0, 5;
    %jmp/0xz  T_0.0, 4;
    %load/vec4 v0000000001152dc0_0;
    %store/vec4 v0000000001152d20_0, 0, 32;
    %load/vec4 v0000000001152e60_0;
    %store/vec4 v0000000001152dc0_0, 0, 32;
    %load/vec4 v0000000001152d20_0;
    %store/vec4 v0000000001152e60_0, 0, 32;
T_0.0 ;
    %load/vec4 v00000000011c9ea0_0;
    %dup/vec4;
    %pushi/vec4 0, 0, 6;
    %cmp/u;
    %jmp/1 T_0.2, 6;
    %dup/vec4;
    %pushi/vec4 8, 0, 6;
    %cmp/u;
    %jmp/1 T_0.3, 6;
    %dup/vec4;
    %pushi/vec4 9, 0, 6;
    %cmp/u;
    %jmp/1 T_0.4, 6;
    %dup/vec4;
    %pushi/vec4 12, 0, 6;
    %cmp/u;
    %jmp/1 T_0.5, 6;
    %dup/vec4;
    %pushi/vec4 4, 0, 6;
    %cmp/u;
    %jmp/1 T_0.6, 6;
    %dup/vec4;
    %pushi/vec4 5, 0, 6;
    %cmp/u;
    %jmp/1 T_0.7, 6;
    %dup/vec4;
    %pushi/vec4 13, 0, 6;
    %cmp/u;
    %jmp/1 T_0.8, 6;
    %dup/vec4;
    %pushi/vec4 14, 0, 6;
    %cmp/u;
    %jmp/1 T_0.9, 6;
    %dup/vec4;
    %pushi/vec4 10, 0, 6;
    %cmp/u;
    %jmp/1 T_0.10, 6;
    %dup/vec4;
    %pushi/vec4 11, 0, 6;
    %cmp/u;
    %jmp/1 T_0.11, 6;
    %dup/vec4;
    %pushi/vec4 35, 0, 6;
    %cmp/u;
    %jmp/1 T_0.12, 6;
    %dup/vec4;
    %pushi/vec4 43, 0, 6;
    %cmp/u;
    %jmp/1 T_0.13, 6;
    %jmp T_0.14;
T_0.2 ;
    %load/vec4 v00000000011d6130_0;
    %dup/vec4;
    %pushi/vec4 32, 0, 6;
    %cmp/u;
    %jmp/1 T_0.15, 6;
    %dup/vec4;
    %pushi/vec4 33, 0, 6;
    %cmp/u;
    %jmp/1 T_0.16, 6;
    %dup/vec4;
    %pushi/vec4 34, 0, 6;
    %cmp/u;
    %jmp/1 T_0.17, 6;
    %dup/vec4;
    %pushi/vec4 35, 0, 6;
    %cmp/u;
    %jmp/1 T_0.18, 6;
    %dup/vec4;
    %pushi/vec4 36, 0, 6;
    %cmp/u;
    %jmp/1 T_0.19, 6;
    %dup/vec4;
    %pushi/vec4 39, 0, 6;
    %cmp/u;
    %jmp/1 T_0.20, 6;
    %dup/vec4;
    %pushi/vec4 37, 0, 6;
    %cmp/u;
    %jmp/1 T_0.21, 6;
    %dup/vec4;
    %pushi/vec4 38, 0, 6;
    %cmp/u;
    %jmp/1 T_0.22, 6;
    %dup/vec4;
    %pushi/vec4 42, 0, 6;
    %cmp/u;
    %jmp/1 T_0.23, 6;
    %dup/vec4;
    %pushi/vec4 43, 0, 6;
    %cmp/u;
    %jmp/1 T_0.24, 6;
    %dup/vec4;
    %pushi/vec4 0, 0, 6;
    %cmp/u;
    %jmp/1 T_0.25, 6;
    %dup/vec4;
    %pushi/vec4 4, 0, 6;
    %cmp/u;
    %jmp/1 T_0.26, 6;
    %dup/vec4;
    %pushi/vec4 2, 0, 6;
    %cmp/u;
    %jmp/1 T_0.27, 6;
    %dup/vec4;
    %pushi/vec4 6, 0, 6;
    %cmp/u;
    %jmp/1 T_0.28, 6;
    %dup/vec4;
    %pushi/vec4 3, 0, 6;
    %cmp/u;
    %jmp/1 T_0.29, 6;
    %dup/vec4;
    %pushi/vec4 7, 0, 6;
    %cmp/u;
    %jmp/1 T_0.30, 6;
    %jmp T_0.31;
T_0.15 ;
    %load/vec4 v0000000001152dc0_0;
    %store/vec4 v0000000001183f40_0, 0, 32;
    %load/vec4 v0000000001152e60_0;
    %store/vec4 v0000000001152be0_0, 0, 32;
    %load/vec4 v0000000001183f40_0;
    %load/vec4 v0000000001152be0_0;
    %add;
    %store/vec4 v00000000011e0a90_0, 0, 32;
    %load/vec4 v0000000001183f40_0;
    %parti/s 1, 31, 6;
    %load/vec4 v0000000001152be0_0;
    %parti/s 1, 31, 6;
    %concat/vec4; draw_concat_vec4
    %load/vec4 v00000000011e0a90_0;
    %parti/s 1, 31, 6;
    %concat/vec4; draw_concat_vec4
    %cmpi/e 1, 0, 3;
    %flag_mov 8, 4;
    %load/vec4 v0000000001183f40_0;
    %parti/s 1, 31, 6;
    %load/vec4 v0000000001152be0_0;
    %parti/s 1, 31, 6;
    %concat/vec4; draw_concat_vec4
    %load/vec4 v00000000011e0a90_0;
    %parti/s 1, 31, 6;
    %concat/vec4; draw_concat_vec4
    %cmpi/e 6, 0, 3;
    %flag_or 4, 8;
    %jmp/0xz  T_0.32, 4;
    %pushi/vec4 1, 0, 1;
    %ix/load 4, 0, 0;
    %flag_set/imm 4, 0;
    %store/vec4 v00000000011db3f0_0, 4, 1;
    %jmp T_0.33;
T_0.32 ;
    %pushi/vec4 0, 0, 1;
    %ix/load 4, 0, 0;
    %flag_set/imm 4, 0;
    %store/vec4 v00000000011db3f0_0, 4, 1;
T_0.33 ;
    %jmp T_0.31;
T_0.16 ;
    %load/vec4 v0000000001152dc0_0;
    %store/vec4 v0000000001183f40_0, 0, 32;
    %load/vec4 v0000000001152e60_0;
    %store/vec4 v0000000001152be0_0, 0, 32;
    %load/vec4 v0000000001183f40_0;
    %load/vec4 v0000000001152be0_0;
    %add;
    %store/vec4 v00000000011e0a90_0, 0, 32;
    %jmp T_0.31;
T_0.17 ;
    %load/vec4 v0000000001152dc0_0;
    %store/vec4 v0000000001183f40_0, 0, 32;
    %load/vec4 v0000000001152e60_0;
    %store/vec4 v0000000001152be0_0, 0, 32;
    %load/vec4 v0000000001152dc0_0;
    %load/vec4 v0000000001152e60_0;
    %sub;
    %store/vec4 v00000000011e0a90_0, 0, 32;
    %load/vec4 v0000000001183f40_0;
    %parti/s 1, 31, 6;
    %load/vec4 v0000000001152be0_0;
    %parti/s 1, 31, 6;
    %concat/vec4; draw_concat_vec4
    %load/vec4 v00000000011e0a90_0;
    %parti/s 1, 31, 6;
    %concat/vec4; draw_concat_vec4
    %cmpi/e 3, 0, 3;
    %flag_mov 8, 4;
    %load/vec4 v0000000001183f40_0;
    %parti/s 1, 31, 6;
    %load/vec4 v0000000001152be0_0;
    %parti/s 1, 31, 6;
    %concat/vec4; draw_concat_vec4
    %load/vec4 v00000000011e0a90_0;
    %parti/s 1, 31, 6;
    %concat/vec4; draw_concat_vec4
    %cmpi/e 4, 0, 3;
    %flag_or 4, 8;
    %jmp/0xz  T_0.34, 4;
    %pushi/vec4 1, 0, 1;
    %ix/load 4, 0, 0;
    %flag_set/imm 4, 0;
    %store/vec4 v00000000011db3f0_0, 4, 1;
    %jmp T_0.35;
T_0.34 ;
    %pushi/vec4 0, 0, 1;
    %ix/load 4, 0, 0;
    %flag_set/imm 4, 0;
    %store/vec4 v00000000011db3f0_0, 4, 1;
T_0.35 ;
    %jmp T_0.31;
T_0.18 ;
    %load/vec4 v0000000001152dc0_0;
    %store/vec4 v0000000001183f40_0, 0, 32;
    %load/vec4 v0000000001152e60_0;
    %store/vec4 v0000000001152be0_0, 0, 32;
    %load/vec4 v0000000001152dc0_0;
    %load/vec4 v0000000001152e60_0;
    %sub;
    %store/vec4 v00000000011e0a90_0, 0, 32;
    %jmp T_0.31;
T_0.19 ;
    %load/vec4 v0000000001152dc0_0;
    %store/vec4 v0000000001183f40_0, 0, 32;
    %load/vec4 v0000000001152e60_0;
    %store/vec4 v0000000001152be0_0, 0, 32;
    %load/vec4 v0000000001183f40_0;
    %load/vec4 v0000000001152be0_0;
    %and;
    %store/vec4 v00000000011e0a90_0, 0, 32;
    %jmp T_0.31;
T_0.20 ;
    %load/vec4 v0000000001152dc0_0;
    %store/vec4 v0000000001183f40_0, 0, 32;
    %load/vec4 v0000000001152e60_0;
    %store/vec4 v0000000001152be0_0, 0, 32;
    %load/vec4 v0000000001183f40_0;
    %load/vec4 v0000000001152be0_0;
    %or;
    %inv;
    %store/vec4 v00000000011e0a90_0, 0, 32;
    %jmp T_0.31;
T_0.21 ;
    %load/vec4 v0000000001152dc0_0;
    %store/vec4 v0000000001183f40_0, 0, 32;
    %load/vec4 v0000000001152e60_0;
    %store/vec4 v0000000001152be0_0, 0, 32;
    %load/vec4 v0000000001183f40_0;
    %load/vec4 v0000000001152be0_0;
    %or;
    %store/vec4 v00000000011e0a90_0, 0, 32;
    %jmp T_0.31;
T_0.22 ;
    %load/vec4 v0000000001152dc0_0;
    %store/vec4 v0000000001183f40_0, 0, 32;
    %load/vec4 v0000000001152e60_0;
    %store/vec4 v0000000001152be0_0, 0, 32;
    %load/vec4 v0000000001183f40_0;
    %load/vec4 v0000000001152be0_0;
    %xor;
    %store/vec4 v00000000011e0a90_0, 0, 32;
    %jmp T_0.31;
T_0.23 ;
    %load/vec4 v0000000001152dc0_0;
    %store/vec4 v0000000001183f40_0, 0, 32;
    %load/vec4 v0000000001152e60_0;
    %store/vec4 v0000000001152be0_0, 0, 32;
    %load/vec4 v0000000001183f40_0;
    %load/vec4 v0000000001152be0_0;
    %sub;
    %store/vec4 v00000000011e0a90_0, 0, 32;
    %load/vec4 v00000000011e0a90_0;
    %parti/s 1, 31, 6;
    %ix/load 4, 1, 0;
    %flag_set/imm 4, 0;
    %store/vec4 v00000000011db3f0_0, 4, 1;
    %jmp T_0.31;
T_0.24 ;
    %load/vec4 v0000000001152dc0_0;
    %store/vec4 v0000000001183f40_0, 0, 32;
    %load/vec4 v0000000001152e60_0;
    %store/vec4 v0000000001152be0_0, 0, 32;
    %load/vec4 v0000000001183f40_0;
    %load/vec4 v0000000001152be0_0;
    %sub;
    %store/vec4 v00000000011e0a90_0, 0, 32;
    %load/vec4 v0000000001183f40_0;
    %load/vec4 v0000000001152be0_0;
    %cmp/u;
    %flag_get/vec4 5;
    %ix/load 4, 1, 0;
    %flag_set/imm 4, 0;
    %store/vec4 v00000000011db3f0_0, 4, 1;
    %jmp T_0.31;
T_0.25 ;
    %load/vec4 v0000000001152e60_0;
    %store/vec4 v0000000001152be0_0, 0, 32;
    %load/vec4 v00000000011dfcb0_0;
    %parti/s 5, 6, 4;
    %pad/u 6;
    %store/vec4 v0000000001152c80_0, 0, 6;
    %load/vec4 v0000000001152be0_0;
    %ix/getv 4, v0000000001152c80_0;
    %shiftl 4;
    %store/vec4 v00000000011e0a90_0, 0, 32;
    %jmp T_0.31;
T_0.26 ;
    %load/vec4 v0000000001152dc0_0;
    %store/vec4 v0000000001183f40_0, 0, 32;
    %load/vec4 v0000000001152e60_0;
    %store/vec4 v0000000001152be0_0, 0, 32;
    %load/vec4 v0000000001152be0_0;
    %ix/getv 4, v0000000001183f40_0;
    %shiftl 4;
    %store/vec4 v00000000011e0a90_0, 0, 32;
    %jmp T_0.31;
T_0.27 ;
    %load/vec4 v0000000001152e60_0;
    %store/vec4 v0000000001152be0_0, 0, 32;
    %load/vec4 v00000000011dfcb0_0;
    %parti/s 5, 6, 4;
    %pad/u 6;
    %store/vec4 v0000000001152c80_0, 0, 6;
    %load/vec4 v0000000001152be0_0;
    %ix/getv 4, v0000000001152c80_0;
    %shiftr 4;
    %store/vec4 v00000000011e0a90_0, 0, 32;
    %jmp T_0.31;
T_0.28 ;
    %load/vec4 v0000000001152dc0_0;
    %store/vec4 v0000000001183f40_0, 0, 32;
    %load/vec4 v0000000001152e60_0;
    %store/vec4 v0000000001152be0_0, 0, 32;
    %load/vec4 v0000000001152be0_0;
    %ix/getv 4, v0000000001183f40_0;
    %shiftr 4;
    %store/vec4 v00000000011e0a90_0, 0, 32;
    %jmp T_0.31;
T_0.29 ;
    %load/vec4 v0000000001152e60_0;
    %store/vec4 v0000000001152be0_0, 0, 32;
    %load/vec4 v00000000011dfcb0_0;
    %parti/s 5, 6, 4;
    %pad/u 6;
    %store/vec4 v0000000001152c80_0, 0, 6;
    %load/vec4 v0000000001152be0_0;
    %ix/getv 4, v0000000001152c80_0;
    %shiftr 4;
    %store/vec4 v00000000011e0a90_0, 0, 32;
    %jmp T_0.31;
T_0.30 ;
    %load/vec4 v0000000001152dc0_0;
    %store/vec4 v0000000001183f40_0, 0, 32;
    %load/vec4 v0000000001152e60_0;
    %store/vec4 v0000000001152be0_0, 0, 32;
    %load/vec4 v0000000001152be0_0;
    %ix/getv 4, v0000000001183f40_0;
    %shiftr 4;
    %store/vec4 v00000000011e0a90_0, 0, 32;
    %jmp T_0.31;
T_0.31 ;
    %pop/vec4 1;
    %jmp T_0.14;
T_0.3 ;
    %load/vec4 v0000000001152dc0_0;
    %store/vec4 v0000000001183f40_0, 0, 32;
    %load/vec4 v00000000011dfcb0_0;
    %parti/s 16, 0, 2;
    %store/vec4 v00000000011cd2c0_0, 0, 16;
    %load/vec4 v00000000011cd2c0_0;
    %parti/s 1, 15, 5;
    %cmpi/e 1, 0, 1;
    %jmp/0xz  T_0.36, 4;
    %load/vec4 v0000000001183f40_0;
    %pushi/vec4 1, 0, 16;
    %load/vec4 v00000000011cd2c0_0;
    %concat/vec4; draw_concat_vec4
    %add;
    %store/vec4 v00000000011e0a90_0, 0, 32;
    %jmp T_0.37;
T_0.36 ;
    %load/vec4 v0000000001183f40_0;
    %pushi/vec4 0, 0, 16;
    %load/vec4 v00000000011cd2c0_0;
    %concat/vec4; draw_concat_vec4
    %add;
    %store/vec4 v00000000011e0a90_0, 0, 32;
T_0.37 ;
    %load/vec4 v0000000001183f40_0;
    %parti/s 1, 31, 6;
    %load/vec4 v00000000011e0a90_0;
    %parti/s 1, 31, 6;
    %concat/vec4; draw_concat_vec4
    %load/vec4 v00000000011cd2c0_0;
    %parti/s 1, 15, 5;
    %concat/vec4; draw_concat_vec4
    %cmpi/e 2, 0, 3;
    %flag_mov 8, 4;
    %load/vec4 v0000000001183f40_0;
    %parti/s 1, 31, 6;
    %load/vec4 v00000000011e0a90_0;
    %parti/s 1, 31, 6;
    %concat/vec4; draw_concat_vec4
    %load/vec4 v00000000011cd2c0_0;
    %parti/s 1, 15, 5;
    %concat/vec4; draw_concat_vec4
    %cmpi/e 5, 0, 3;
    %flag_or 4, 8;
    %jmp/0xz  T_0.38, 4;
    %pushi/vec4 1, 0, 1;
    %ix/load 4, 0, 0;
    %flag_set/imm 4, 0;
    %store/vec4 v00000000011db3f0_0, 4, 1;
    %jmp T_0.39;
T_0.38 ;
    %pushi/vec4 0, 0, 1;
    %ix/load 4, 0, 0;
    %flag_set/imm 4, 0;
    %store/vec4 v00000000011db3f0_0, 4, 1;
T_0.39 ;
    %jmp T_0.14;
T_0.4 ;
    %load/vec4 v0000000001152dc0_0;
    %store/vec4 v0000000001183f40_0, 0, 32;
    %load/vec4 v00000000011dfcb0_0;
    %parti/s 16, 0, 2;
    %store/vec4 v00000000011cd2c0_0, 0, 16;
    %load/vec4 v0000000001183f40_0;
    %pushi/vec4 0, 0, 16;
    %load/vec4 v00000000011cd2c0_0;
    %concat/vec4; draw_concat_vec4
    %add;
    %store/vec4 v00000000011e0a90_0, 0, 32;
    %jmp T_0.14;
T_0.5 ;
    %load/vec4 v0000000001152dc0_0;
    %store/vec4 v0000000001183f40_0, 0, 32;
    %load/vec4 v00000000011dfcb0_0;
    %parti/s 16, 0, 2;
    %store/vec4 v00000000011cd2c0_0, 0, 16;
    %load/vec4 v0000000001183f40_0;
    %pushi/vec4 0, 0, 16;
    %load/vec4 v00000000011cd2c0_0;
    %concat/vec4; draw_concat_vec4
    %and;
    %store/vec4 v00000000011e0a90_0, 0, 32;
    %jmp T_0.14;
T_0.6 ;
    %load/vec4 v0000000001152dc0_0;
    %store/vec4 v0000000001183f40_0, 0, 32;
    %load/vec4 v0000000001152e60_0;
    %store/vec4 v0000000001152be0_0, 0, 32;
    %load/vec4 v0000000001183f40_0;
    %load/vec4 v0000000001152be0_0;
    %sub;
    %store/vec4 v00000000011e0a90_0, 0, 32;
    %load/vec4 v00000000011e0a90_0;
    %cmpi/e 0, 0, 32;
    %jmp/0xz  T_0.40, 4;
    %pushi/vec4 1, 0, 1;
    %ix/load 4, 2, 0;
    %flag_set/imm 4, 0;
    %store/vec4 v00000000011db3f0_0, 4, 1;
    %jmp T_0.41;
T_0.40 ;
    %pushi/vec4 0, 0, 1;
    %ix/load 4, 2, 0;
    %flag_set/imm 4, 0;
    %store/vec4 v00000000011db3f0_0, 4, 1;
T_0.41 ;
    %jmp T_0.14;
T_0.7 ;
    %load/vec4 v0000000001152dc0_0;
    %store/vec4 v0000000001183f40_0, 0, 32;
    %load/vec4 v0000000001152e60_0;
    %store/vec4 v0000000001152be0_0, 0, 32;
    %load/vec4 v0000000001183f40_0;
    %load/vec4 v0000000001152be0_0;
    %sub;
    %store/vec4 v00000000011e0a90_0, 0, 32;
    %load/vec4 v00000000011e0a90_0;
    %cmpi/e 0, 0, 32;
    %jmp/0xz  T_0.42, 4;
    %pushi/vec4 1, 0, 1;
    %ix/load 4, 2, 0;
    %flag_set/imm 4, 0;
    %store/vec4 v00000000011db3f0_0, 4, 1;
    %jmp T_0.43;
T_0.42 ;
    %pushi/vec4 0, 0, 1;
    %ix/load 4, 2, 0;
    %flag_set/imm 4, 0;
    %store/vec4 v00000000011db3f0_0, 4, 1;
T_0.43 ;
    %jmp T_0.14;
T_0.8 ;
    %load/vec4 v0000000001152dc0_0;
    %store/vec4 v0000000001183f40_0, 0, 32;
    %load/vec4 v00000000011dfcb0_0;
    %parti/s 16, 0, 2;
    %store/vec4 v00000000011cd2c0_0, 0, 16;
    %load/vec4 v0000000001183f40_0;
    %pushi/vec4 0, 0, 16;
    %load/vec4 v00000000011cd2c0_0;
    %concat/vec4; draw_concat_vec4
    %or;
    %store/vec4 v00000000011e0a90_0, 0, 32;
    %jmp T_0.14;
T_0.9 ;
    %load/vec4 v0000000001152dc0_0;
    %store/vec4 v0000000001183f40_0, 0, 32;
    %load/vec4 v00000000011dfcb0_0;
    %parti/s 16, 0, 2;
    %store/vec4 v00000000011cd2c0_0, 0, 16;
    %load/vec4 v0000000001183f40_0;
    %pushi/vec4 0, 0, 16;
    %load/vec4 v00000000011cd2c0_0;
    %concat/vec4; draw_concat_vec4
    %xor;
    %store/vec4 v00000000011e0a90_0, 0, 32;
    %jmp T_0.14;
T_0.10 ;
    %load/vec4 v0000000001152dc0_0;
    %store/vec4 v0000000001183f40_0, 0, 32;
    %load/vec4 v00000000011dfcb0_0;
    %parti/s 16, 0, 2;
    %store/vec4 v00000000011cd2c0_0, 0, 16;
    %load/vec4 v00000000011cd2c0_0;
    %parti/s 1, 15, 5;
    %cmpi/e 0, 0, 1;
    %jmp/0xz  T_0.44, 4;
    %load/vec4 v0000000001183f40_0;
    %pushi/vec4 0, 0, 16;
    %load/vec4 v00000000011cd2c0_0;
    %concat/vec4; draw_concat_vec4
    %sub;
    %store/vec4 v00000000011e0a90_0, 0, 32;
    %jmp T_0.45;
T_0.44 ;
    %load/vec4 v0000000001183f40_0;
    %pushi/vec4 1, 0, 16;
    %load/vec4 v00000000011cd2c0_0;
    %concat/vec4; draw_concat_vec4
    %sub;
    %store/vec4 v00000000011e0a90_0, 0, 32;
T_0.45 ;
    %load/vec4 v00000000011e0a90_0;
    %parti/s 1, 31, 6;
    %ix/load 4, 1, 0;
    %flag_set/imm 4, 0;
    %store/vec4 v00000000011db3f0_0, 4, 1;
    %jmp T_0.14;
T_0.11 ;
    %load/vec4 v0000000001152dc0_0;
    %store/vec4 v0000000001183f40_0, 0, 32;
    %load/vec4 v00000000011dfcb0_0;
    %parti/s 16, 0, 2;
    %store/vec4 v00000000011cd2c0_0, 0, 16;
    %load/vec4 v0000000001183f40_0;
    %pushi/vec4 0, 0, 16;
    %load/vec4 v00000000011cd2c0_0;
    %concat/vec4; draw_concat_vec4
    %sub;
    %store/vec4 v00000000011e0a90_0, 0, 32;
    %load/vec4 v0000000001183f40_0;
    %pushi/vec4 0, 0, 16;
    %load/vec4 v00000000011cd2c0_0;
    %concat/vec4; draw_concat_vec4
    %cmp/u;
    %flag_get/vec4 5;
    %ix/load 4, 1, 0;
    %flag_set/imm 4, 0;
    %store/vec4 v00000000011db3f0_0, 4, 1;
    %jmp T_0.14;
T_0.12 ;
    %load/vec4 v0000000001152dc0_0;
    %store/vec4 v0000000001183f40_0, 0, 32;
    %load/vec4 v00000000011dfcb0_0;
    %parti/s 16, 0, 2;
    %store/vec4 v00000000011cd2c0_0, 0, 16;
    %load/vec4 v00000000011cd2c0_0;
    %parti/s 1, 15, 5;
    %cmpi/e 0, 0, 1;
    %jmp/0xz  T_0.46, 4;
    %load/vec4 v0000000001183f40_0;
    %pushi/vec4 0, 0, 16;
    %load/vec4 v00000000011cd2c0_0;
    %concat/vec4; draw_concat_vec4
    %add;
    %store/vec4 v00000000011e0a90_0, 0, 32;
    %jmp T_0.47;
T_0.46 ;
    %load/vec4 v0000000001183f40_0;
    %pushi/vec4 1, 0, 16;
    %load/vec4 v00000000011cd2c0_0;
    %concat/vec4; draw_concat_vec4
    %add;
    %store/vec4 v00000000011e0a90_0, 0, 32;
T_0.47 ;
    %jmp T_0.14;
T_0.13 ;
    %load/vec4 v0000000001152dc0_0;
    %store/vec4 v0000000001183f40_0, 0, 32;
    %load/vec4 v00000000011dfcb0_0;
    %parti/s 16, 0, 2;
    %store/vec4 v00000000011cd2c0_0, 0, 16;
    %load/vec4 v00000000011cd2c0_0;
    %parti/s 1, 15, 5;
    %cmpi/e 0, 0, 1;
    %jmp/0xz  T_0.48, 4;
    %load/vec4 v0000000001183f40_0;
    %pushi/vec4 0, 0, 16;
    %load/vec4 v00000000011cd2c0_0;
    %concat/vec4; draw_concat_vec4
    %add;
    %store/vec4 v00000000011e0a90_0, 0, 32;
    %jmp T_0.49;
T_0.48 ;
    %load/vec4 v0000000001183f40_0;
    %pushi/vec4 1, 0, 16;
    %load/vec4 v00000000011cd2c0_0;
    %concat/vec4; draw_concat_vec4
    %add;
    %store/vec4 v00000000011e0a90_0, 0, 32;
T_0.49 ;
    %jmp T_0.14;
T_0.14 ;
    %pop/vec4 1;
    %jmp T_0;
    .thread T_0, $push;
    .scope S_00000000011c8f80;
T_1 ;
    %vpi_call 2 11 "$dumpfile", "test.vcd" {0 0 0};
    %vpi_call 2 12 "$dumpvars" {0 0 0};
    %end;
    .thread T_1;
    .scope S_00000000011c8f80;
T_2 ;
    %vpi_call 2 16 "$display", "\012                                   initialize" {0 0 0};
    %vpi_call 2 17 "$monitor", "instruction = 32'h%h, regA = 32'h%h, regB = 32'h%h, result = 32'h%h, flags = 3'b%b", v0000000001580e90_0, v0000000001580210_0, v0000000001580b70_0, v00000000015802b0_0, v00000000015807b0_0 {0 0 0};
    %pushi/vec4 0, 0, 32;
    %store/vec4 v0000000001580e90_0, 0, 32;
    %pushi/vec4 0, 0, 32;
    %store/vec4 v0000000001580210_0, 0, 32;
    %pushi/vec4 0, 0, 32;
    %store/vec4 v0000000001580b70_0, 0, 32;
    %delay 500000, 0;
    %vpi_call 2 22 "$display", "\012                                   for R Type" {0 0 0};
    %vpi_call 2 23 "$display", "\012                                   format is" {0 0 0};
    %vpi_call 2 24 "$display", "\012                      instruction:regA:regB:result:flags" {0 0 0};
    %vpi_call 2 25 "$display", "\012                                add overflow test" {0 0 0};
    %pushi/vec4 2097184, 0, 32;
    %store/vec4 v0000000001580e90_0, 0, 32;
    %pushi/vec4 2147483647, 0, 32;
    %store/vec4 v0000000001580210_0, 0, 32;
    %pushi/vec4 6, 0, 32;
    %store/vec4 v0000000001580b70_0, 0, 32;
    %delay 100000, 0;
    %vpi_call 2 30 "$display", "\012                                add normal test" {0 0 0};
    %pushi/vec4 65568, 0, 32;
    %store/vec4 v0000000001580e90_0, 0, 32;
    %pushi/vec4 1, 0, 32;
    %store/vec4 v0000000001580210_0, 0, 32;
    %pushi/vec4 2, 0, 32;
    %store/vec4 v0000000001580b70_0, 0, 32;
    %delay 100000, 0;
    %vpi_call 2 35 "$display", "\012                                sub overflow test" {0 0 0};
    %pushi/vec4 65570, 0, 32;
    %store/vec4 v0000000001580e90_0, 0, 32;
    %pushi/vec4 2147483647, 0, 32;
    %store/vec4 v0000000001580210_0, 0, 32;
    %pushi/vec4 4294967295, 0, 32;
    %store/vec4 v0000000001580b70_0, 0, 32;
    %delay 100000, 0;
    %vpi_call 2 40 "$display", "\012                                sub normal test" {0 0 0};
    %pushi/vec4 65570, 0, 32;
    %store/vec4 v0000000001580e90_0, 0, 32;
    %pushi/vec4 4, 0, 32;
    %store/vec4 v0000000001580210_0, 0, 32;
    %pushi/vec4 3, 0, 32;
    %store/vec4 v0000000001580b70_0, 0, 32;
    %delay 100000, 0;
    %vpi_call 2 45 "$display", "\012                                  addu test" {0 0 0};
    %pushi/vec4 2097185, 0, 32;
    %store/vec4 v0000000001580e90_0, 0, 32;
    %pushi/vec4 2147483647, 0, 32;
    %store/vec4 v0000000001580210_0, 0, 32;
    %pushi/vec4 6, 0, 32;
    %store/vec4 v0000000001580b70_0, 0, 32;
    %delay 100000, 0;
    %vpi_call 2 50 "$display", "\012                                  subu test" {0 0 0};
    %pushi/vec4 65571, 0, 32;
    %store/vec4 v0000000001580e90_0, 0, 32;
    %pushi/vec4 2147483647, 0, 32;
    %store/vec4 v0000000001580210_0, 0, 32;
    %pushi/vec4 4294967295, 0, 32;
    %store/vec4 v0000000001580b70_0, 0, 32;
    %delay 100000, 0;
    %vpi_call 2 55 "$display", "\012                                  and test" {0 0 0};
    %pushi/vec4 65572, 0, 32;
    %store/vec4 v0000000001580e90_0, 0, 32;
    %pushi/vec4 4294967295, 0, 32;
    %store/vec4 v0000000001580210_0, 0, 32;
    %pushi/vec4 1, 0, 32;
    %store/vec4 v0000000001580b70_0, 0, 32;
    %delay 100000, 0;
    %vpi_call 2 60 "$display", "\012                                   or test" {0 0 0};
    %pushi/vec4 2097189, 0, 32;
    %store/vec4 v0000000001580e90_0, 0, 32;
    %pushi/vec4 0, 0, 32;
    %store/vec4 v0000000001580210_0, 0, 32;
    %pushi/vec4 1, 0, 32;
    %store/vec4 v0000000001580b70_0, 0, 32;
    %delay 100000, 0;
    %vpi_call 2 65 "$display", "\012                                  xor test" {0 0 0};
    %pushi/vec4 2097190, 0, 32;
    %store/vec4 v0000000001580e90_0, 0, 32;
    %pushi/vec4 4294967295, 0, 32;
    %store/vec4 v0000000001580210_0, 0, 32;
    %pushi/vec4 15, 0, 32;
    %store/vec4 v0000000001580b70_0, 0, 32;
    %delay 100000, 0;
    %vpi_call 2 70 "$display", "\012                                  nor test" {0 0 0};
    %pushi/vec4 2097191, 0, 32;
    %store/vec4 v0000000001580e90_0, 0, 32;
    %pushi/vec4 0, 0, 32;
    %store/vec4 v0000000001580210_0, 0, 32;
    %pushi/vec4 4294967295, 0, 32;
    %store/vec4 v0000000001580b70_0, 0, 32;
    %delay 100000, 0;
    %vpi_call 2 75 "$display", "\012                             slt test(negative)" {0 0 0};
    %pushi/vec4 65578, 0, 32;
    %store/vec4 v0000000001580e90_0, 0, 32;
    %pushi/vec4 0, 0, 32;
    %store/vec4 v0000000001580210_0, 0, 32;
    %pushi/vec4 1, 0, 32;
    %store/vec4 v0000000001580b70_0, 0, 32;
    %delay 100000, 0;
    %vpi_call 2 80 "$display", "\012                          slt test(non-negative)" {0 0 0};
    %pushi/vec4 65578, 0, 32;
    %store/vec4 v0000000001580e90_0, 0, 32;
    %pushi/vec4 1, 0, 32;
    %store/vec4 v0000000001580210_0, 0, 32;
    %pushi/vec4 0, 0, 32;
    %store/vec4 v0000000001580b70_0, 0, 32;
    %delay 100000, 0;
    %vpi_call 2 85 "$display", "\012                           sltu test(negative)" {0 0 0};
    %pushi/vec4 65579, 0, 32;
    %store/vec4 v0000000001580e90_0, 0, 32;
    %pushi/vec4 0, 0, 32;
    %store/vec4 v0000000001580210_0, 0, 32;
    %pushi/vec4 4294967295, 0, 32;
    %store/vec4 v0000000001580b70_0, 0, 32;
    %delay 100000, 0;
    %vpi_call 2 90 "$display", "\012                                sltu test" {0 0 0};
    %pushi/vec4 65579, 0, 32;
    %store/vec4 v0000000001580e90_0, 0, 32;
    %pushi/vec4 4294967295, 0, 32;
    %store/vec4 v0000000001580210_0, 0, 32;
    %pushi/vec4 4294967294, 0, 32;
    %store/vec4 v0000000001580b70_0, 0, 32;
    %delay 100000, 0;
    %vpi_call 2 95 "$display", "\012                                sll test" {0 0 0};
    %pushi/vec4 66176, 0, 32;
    %store/vec4 v0000000001580e90_0, 0, 32;
    %pushi/vec4 0, 0, 32;
    %store/vec4 v0000000001580210_0, 0, 32;
    %pushi/vec4 1, 0, 32;
    %store/vec4 v0000000001580b70_0, 0, 32;
    %delay 100000, 0;
    %vpi_call 2 100 "$display", "\012                                srl test" {0 0 0};
    %pushi/vec4 66178, 0, 32;
    %store/vec4 v0000000001580e90_0, 0, 32;
    %pushi/vec4 0, 0, 32;
    %store/vec4 v0000000001580210_0, 0, 32;
    %pushi/vec4 4026531840, 0, 32;
    %store/vec4 v0000000001580b70_0, 0, 32;
    %delay 100000, 0;
    %vpi_call 2 105 "$display", "\012                                sllv test" {0 0 0};
    %pushi/vec4 65540, 0, 32;
    %store/vec4 v0000000001580e90_0, 0, 32;
    %pushi/vec4 16, 0, 32;
    %store/vec4 v0000000001580210_0, 0, 32;
    %pushi/vec4 1, 0, 32;
    %store/vec4 v0000000001580b70_0, 0, 32;
    %delay 100000, 0;
    %vpi_call 2 110 "$display", "\012                                srlv test" {0 0 0};
    %pushi/vec4 65542, 0, 32;
    %store/vec4 v0000000001580e90_0, 0, 32;
    %pushi/vec4 4, 0, 32;
    %store/vec4 v0000000001580210_0, 0, 32;
    %pushi/vec4 256, 0, 32;
    %store/vec4 v0000000001580b70_0, 0, 32;
    %delay 100000, 0;
    %vpi_call 2 115 "$display", "\012                                srav test" {0 0 0};
    %pushi/vec4 65543, 0, 32;
    %store/vec4 v0000000001580e90_0, 0, 32;
    %pushi/vec4 1, 0, 32;
    %store/vec4 v0000000001580210_0, 0, 32;
    %pushi/vec4 256, 0, 32;
    %store/vec4 v0000000001580b70_0, 0, 32;
    %delay 100000, 0;
    %vpi_call 2 120 "$display", "\012                                sra test" {0 0 0};
    %pushi/vec4 65667, 0, 32;
    %store/vec4 v0000000001580e90_0, 0, 32;
    %pushi/vec4 0, 0, 32;
    %store/vec4 v0000000001580210_0, 0, 32;
    %pushi/vec4 268435456, 0, 32;
    %store/vec4 v0000000001580b70_0, 0, 32;
    %delay 100000, 0;
    %vpi_call 2 125 "$display", "\012                                         for I Type" {0 0 0};
    %vpi_call 2 126 "$display", "\012                                         format is" {0 0 0};
    %vpi_call 2 127 "$display", "\012                        instruction:regA:regB:immediate:result:flags" {0 0 0};
    %vpi_call 2 128 "$monitor", "instruction = 32'h%h, regA = 32'h%h, regB = 32'h%h, immediate = 16'b%b, result = 32'h%h, flags = 3'b%b", v0000000001580e90_0, v0000000001580210_0, v0000000001580b70_0, &PV<v0000000001580e90_0, 0, 16>, v00000000015802b0_0, v00000000015807b0_0 {0 0 0};
    %vpi_call 2 129 "$display", "\012                                         addi test" {0 0 0};
    %pushi/vec4 538968065, 0, 32;
    %store/vec4 v0000000001580e90_0, 0, 32;
    %pushi/vec4 1, 0, 32;
    %store/vec4 v0000000001580210_0, 0, 32;
    %pushi/vec4 0, 0, 32;
    %store/vec4 v0000000001580b70_0, 0, 32;
    %delay 100000, 0;
    %vpi_call 2 134 "$display", "\012                                     addi test(overflow)" {0 0 0};
    %pushi/vec4 538968321, 0, 32;
    %store/vec4 v0000000001580e90_0, 0, 32;
    %pushi/vec4 4294967295, 0, 32;
    %store/vec4 v0000000001580210_0, 0, 32;
    %pushi/vec4 4294967295, 0, 32;
    %store/vec4 v0000000001580b70_0, 0, 32;
    %delay 100000, 0;
    %vpi_call 2 139 "$display", "\012                                        andi test" {0 0 0};
    %pushi/vec4 805371905, 0, 32;
    %store/vec4 v0000000001580e90_0, 0, 32;
    %pushi/vec4 4294967295, 0, 32;
    %store/vec4 v0000000001580210_0, 0, 32;
    %pushi/vec4 0, 0, 32;
    %store/vec4 v0000000001580b70_0, 0, 32;
    %delay 100000, 0;
    %vpi_call 2 144 "$display", "\012                                        addiu test" {0 0 0};
    %pushi/vec4 570523649, 0, 32;
    %store/vec4 v0000000001580e90_0, 0, 32;
    %pushi/vec4 1, 0, 32;
    %store/vec4 v0000000001580210_0, 0, 32;
    %pushi/vec4 0, 0, 32;
    %store/vec4 v0000000001580b70_0, 0, 32;
    %delay 100000, 0;
    %vpi_call 2 149 "$display", "\012                                         ori test" {0 0 0};
    %pushi/vec4 838926337, 0, 32;
    %store/vec4 v0000000001580e90_0, 0, 32;
    %pushi/vec4 16, 0, 32;
    %store/vec4 v0000000001580210_0, 0, 32;
    %pushi/vec4 0, 0, 32;
    %store/vec4 v0000000001580b70_0, 0, 32;
    %delay 100000, 0;
    %vpi_call 2 154 "$display", "\012                                        xori test" {0 0 0};
    %pushi/vec4 939589633, 0, 32;
    %store/vec4 v0000000001580e90_0, 0, 32;
    %pushi/vec4 1, 0, 32;
    %store/vec4 v0000000001580210_0, 0, 32;
    %pushi/vec4 0, 0, 32;
    %store/vec4 v0000000001580b70_0, 0, 32;
    %delay 100000, 0;
    %vpi_call 2 159 "$display", "\012                                   slti test(negative)" {0 0 0};
    %pushi/vec4 671154177, 0, 32;
    %store/vec4 v0000000001580e90_0, 0, 32;
    %pushi/vec4 0, 0, 32;
    %store/vec4 v0000000001580210_0, 0, 32;
    %pushi/vec4 0, 0, 32;
    %store/vec4 v0000000001580b70_0, 0, 32;
    %delay 100000, 0;
    %vpi_call 2 164 "$display", "\012                                        slti test" {0 0 0};
    %pushi/vec4 671154176, 0, 32;
    %store/vec4 v0000000001580e90_0, 0, 32;
    %pushi/vec4 1, 0, 32;
    %store/vec4 v0000000001580210_0, 0, 32;
    %pushi/vec4 0, 0, 32;
    %store/vec4 v0000000001580b70_0, 0, 32;
    %delay 100000, 0;
    %vpi_call 2 169 "$display", "\012                                     beq test(zero)" {0 0 0};
    %pushi/vec4 268500993, 0, 32;
    %store/vec4 v0000000001580e90_0, 0, 32;
    %pushi/vec4 1, 0, 32;
    %store/vec4 v0000000001580210_0, 0, 32;
    %pushi/vec4 1, 0, 32;
    %store/vec4 v0000000001580b70_0, 0, 32;
    %delay 100000, 0;
    %vpi_call 2 174 "$display", "\012                                   beq test(non-zero)" {0 0 0};
    %pushi/vec4 268500993, 0, 32;
    %store/vec4 v0000000001580e90_0, 0, 32;
    %pushi/vec4 0, 0, 32;
    %store/vec4 v0000000001580210_0, 0, 32;
    %pushi/vec4 1, 0, 32;
    %store/vec4 v0000000001580b70_0, 0, 32;
    %delay 100000, 0;
    %vpi_call 2 179 "$display", "\012                                   bne test(non-zero)" {0 0 0};
    %pushi/vec4 335609857, 0, 32;
    %store/vec4 v0000000001580e90_0, 0, 32;
    %pushi/vec4 1, 0, 32;
    %store/vec4 v0000000001580210_0, 0, 32;
    %pushi/vec4 0, 0, 32;
    %store/vec4 v0000000001580b70_0, 0, 32;
    %delay 100000, 0;
    %vpi_call 2 184 "$display", "\012                                     bne test(zero)" {0 0 0};
    %pushi/vec4 335609857, 0, 32;
    %store/vec4 v0000000001580e90_0, 0, 32;
    %pushi/vec4 1, 0, 32;
    %store/vec4 v0000000001580210_0, 0, 32;
    %pushi/vec4 1, 0, 32;
    %store/vec4 v0000000001580b70_0, 0, 32;
    %delay 100000, 0;
    %vpi_call 2 189 "$display", "\012                                  sltiu test(negative)" {0 0 0};
    %pushi/vec4 738263056, 0, 32;
    %store/vec4 v0000000001580e90_0, 0, 32;
    %pushi/vec4 1, 0, 32;
    %store/vec4 v0000000001580210_0, 0, 32;
    %pushi/vec4 0, 0, 32;
    %store/vec4 v0000000001580b70_0, 0, 32;
    %delay 100000, 0;
    %vpi_call 2 194 "$display", "\012                                sltiu test(non-negative)" {0 0 0};
    %pushi/vec4 738263056, 0, 32;
    %store/vec4 v0000000001580e90_0, 0, 32;
    %pushi/vec4 256, 0, 32;
    %store/vec4 v0000000001580210_0, 0, 32;
    %pushi/vec4 0, 0, 32;
    %store/vec4 v0000000001580b70_0, 0, 32;
    %delay 100000, 0;
    %vpi_call 2 199 "$display", "\012                                        lw test" {0 0 0};
    %pushi/vec4 2348904463, 0, 32;
    %store/vec4 v0000000001580e90_0, 0, 32;
    %pushi/vec4 256, 0, 32;
    %store/vec4 v0000000001580210_0, 0, 32;
    %pushi/vec4 0, 0, 32;
    %store/vec4 v0000000001580b70_0, 0, 32;
    %delay 100000, 0;
    %vpi_call 2 204 "$display", "\012                                        sw test" {0 0 0};
    %pushi/vec4 2885775375, 0, 32;
    %store/vec4 v0000000001580e90_0, 0, 32;
    %pushi/vec4 256, 0, 32;
    %store/vec4 v0000000001580210_0, 0, 32;
    %pushi/vec4 0, 0, 32;
    %store/vec4 v0000000001580b70_0, 0, 32;
    %delay 100000, 0;
    %vpi_call 2 209 "$stop" {0 0 0};
    %end;
    .thread T_2;
# The file index is used to find the file name in the following table.
:file_names 4;
    "N/A";
    "<interactive>";
    "test_ALU.v";
    "ALU.v";
